<?xml version="1.0" encoding="UTF-8"?>
<!-- Generated by org.testng.reporters.JUnitReportReporter -->
<testsuite name="com.jbk.TestCases.DashboardPageTest" tests="5" time="44.945" ignored="0" failures="0" timestamp="14 Oct 2018 18:21:58 GMT" skipped="0" hostname="DESKTOP-E4PH7S5" errors="0">
  <testcase name="verifyLogoutLink" time="8.607" classname="com.jbk.TestCases.DashboardPageTest"/>
  <testcase name="verifyDashboardPageLabel" time="10.303" classname="com.jbk.TestCases.DashboardPageTest"/>
  <testcase name="verifyLoggedUser" time="8.104" classname="com.jbk.TestCases.DashboardPageTest"/>
  <testcase name="verifyDashboardPageTitle" time="8.851" classname="com.jbk.TestCases.DashboardPageTest"/>
  <testcase name="verifyUserLink" time="9.080" classname="com.jbk.TestCases.DashboardPageTest"/>
</testsuite> <!-- com.jbk.TestCases.DashboardPageTest -->
