<?xml version="1.0" encoding="UTF-8"?>
<!-- Generated by org.testng.reporters.JUnitReportReporter -->
<testsuite name="com.jbk.TestCases.UserPageTest" tests="3" time="28.212" ignored="0" failures="0" timestamp="14 Oct 2018 18:21:58 GMT" skipped="0" hostname="DESKTOP-E4PH7S5" errors="0">
  <testcase name="verifyUserPageTitle" time="9.383" classname="com.jbk.TestCases.UserPageTest"/>
  <testcase name="verifyLoginPageBtn" time="9.832" classname="com.jbk.TestCases.UserPageTest"/>
  <testcase name="verifyUserPageLabel" time="8.997" classname="com.jbk.TestCases.UserPageTest"/>
</testsuite> <!-- com.jbk.TestCases.UserPageTest -->
