<?xml version="1.0" encoding="UTF-8"?>
<!-- Generated by org.testng.reporters.JUnitReportReporter -->
<testsuite name="com.jbk.TestCases.LoginPageTest" tests="3" time="20.900" ignored="0" failures="0" timestamp="14 Oct 2018 18:21:58 GMT" skipped="0" hostname="DESKTOP-E4PH7S5" errors="0">
  <testcase name="verifyLoginPageHeading" time="6.418" classname="com.jbk.TestCases.LoginPageTest"/>
  <testcase name="verifyLoginPageTitle" time="6.373" classname="com.jbk.TestCases.LoginPageTest"/>
  <testcase name="verifyLogin" time="8.109" classname="com.jbk.TestCases.LoginPageTest"/>
</testsuite> <!-- com.jbk.TestCases.LoginPageTest -->
