<?xml version="1.0" encoding="UTF-8"?>
<!-- Generated by org.testng.reporters.JUnitReportReporter -->
<testsuite name="com.jbk.Pages.LoginPage" tests="1" time="14.324" ignored="0" failures="0" timestamp="14 Oct 2018 06:14:58 GMT" skipped="0" hostname="DESKTOP-E4PH7S5" errors="0">
  <testcase name="verifyTitle" time="14.324" classname="com.jbk.Pages.LoginPage"/>
</testsuite> <!-- com.jbk.Pages.LoginPage -->
