<?xml version="1.0" encoding="UTF-8"?>
<!-- Generated by org.testng.reporters.JUnitReportReporter -->
<testsuite name="com.jbk.TestCases.UserPageTest" tests="3" time="49.794" ignored="0" failures="0" timestamp="18 Oct 2018 11:47:46 GMT" skipped="0" hostname="DESKTOP-E4PH7S5" errors="0">
  <testcase name="verifyUserPageTitle" time="20.142" classname="com.jbk.TestCases.UserPageTest"/>
  <testcase name="verifyLoginPageBtn" time="16.031" classname="com.jbk.TestCases.UserPageTest"/>
  <testcase name="verifyUserPageLabel" time="13.621" classname="com.jbk.TestCases.UserPageTest"/>
</testsuite> <!-- com.jbk.TestCases.UserPageTest -->
