<?xml version="1.0" encoding="UTF-8"?>
<!-- Generated by org.testng.reporters.JUnitReportReporter -->
<testsuite name="com.jbk.TestCases.LoginPageTest" tests="3" time="28.765" ignored="0" failures="0" timestamp="18 Oct 2018 11:47:46 GMT" skipped="0" hostname="DESKTOP-E4PH7S5" errors="0">
  <testcase name="verifyLogin" time="12.357" classname="com.jbk.TestCases.LoginPageTest"/>
  <testcase name="verifyLoginPageHeading" time="7.426" classname="com.jbk.TestCases.LoginPageTest"/>
  <testcase name="verifyLoginPageTitle" time="8.982" classname="com.jbk.TestCases.LoginPageTest"/>
</testsuite> <!-- com.jbk.TestCases.LoginPageTest -->
