<?xml version="1.0" encoding="UTF-8"?>
<!-- Generated by org.testng.reporters.JUnitReportReporter -->
<testsuite name="com.jbk.TestCases.DashboardPageTest" tests="5" time="66.903" ignored="0" failures="0" timestamp="18 Oct 2018 11:47:46 GMT" skipped="0" hostname="DESKTOP-E4PH7S5" errors="0">
  <testcase name="verifyDashboardPageLabel" time="12.258" classname="com.jbk.TestCases.DashboardPageTest"/>
  <testcase name="verifyLogoutLink" time="13.158" classname="com.jbk.TestCases.DashboardPageTest"/>
  <testcase name="verifyUserLink" time="15.776" classname="com.jbk.TestCases.DashboardPageTest"/>
  <testcase name="verifyLoggedUser" time="12.896" classname="com.jbk.TestCases.DashboardPageTest"/>
  <testcase name="verifyDashboardPageTitle" time="12.815" classname="com.jbk.TestCases.DashboardPageTest"/>
</testsuite> <!-- com.jbk.TestCases.DashboardPageTest -->
